<?xml version="1.0" encoding="UTF-8"?>
<testsuite name="tdd.CalculatorTest" tests="1" skipped="0" failures="0" errors="0" timestamp="2022-07-28T05:16:49" hostname="DESKTOP-PHDITMV" time="0.105">
  <properties/>
  <testcase name="addTest()" classname="tdd.CalculatorTest" time="0.105"/>
  <system-out><![CDATA[]]></system-out>
  <system-err><![CDATA[]]></system-err>
</testsuite>
